<?xml version="1.0" encoding="UTF-8"?>
<!-- Generated by org.testng.reporters.JUnitReportReporter -->
<testsuite hostname="LAPTOP-I2HEPINJ" failures="0" tests="1" name="java11basics.PracticeQuestions" time="0.010" errors="0" timestamp="2024-06-11T08:13:17 GMT-07:00" skipped="0">
  <testcase classname="java11basics.PracticeQuestions" name="print" time="0.010"/>
  <system-out/>
</testsuite> <!-- java11basics.PracticeQuestions -->
